<?xml version="1.0" encoding="utf-8"?><testsuites name="pytest tests"><testsuite name="pytest" errors="0" failures="0" skipped="0" tests="19" time="11.549" timestamp="2026-04-19T06:06:20.669468+00:00" hostname="agent-env-44942559-2ca1-4aa2-82ec-f7153713c5f1"><testcase classname="backend.tests.test_qmrt_simulation_api.TestQMRTSimulationInfo" name="test_get_simulation_info" time="0.208" /><testcase classname="backend.tests.test_qmrt_simulation_api.TestQMRTSimulation2D" name="test_run_2d_simulation_basic" time="0.207" /><testcase classname="backend.tests.test_qmrt_simulation_api.TestQMRTSimulation2D" name="test_2d_simulation_structures_object" time="0.277" /><testcase classname="backend.tests.test_qmrt_simulation_api.TestQMRTSimulation2D" name="test_2d_simulation_structure_counts_in_summary" time="0.344" /><testcase classname="backend.tests.test_qmrt_simulation_api.TestQMRTSimulation2D" name="test_2d_timepoint_measurements_include_structure_counts" time="0.253" /><testcase classname="backend.tests.test_qmrt_simulation_api.TestQMRTSimulation2D" name="test_2d_simulation_metrics_structure" time="0.201" /><testcase classname="backend.tests.test_qmrt_simulation_api.TestQMRTSimulation3D" name="test_run_3d_simulation_basic" time="1.356" /><testcase classname="backend.tests.test_qmrt_simulation_api.TestQMRTSimulation3D" name="test_3d_simulation_structures_object" time="1.643" /><testcase classname="backend.tests.test_qmrt_simulation_api.TestQMRTSimulation3D" name="test_3d_timepoint_measurements_include_structure_counts" time="1.236" /><testcase classname="backend.tests.test_qmrt_simulation_api.TestQMRTSimulation3D" name="test_3d_simulation_structure_counts_in_summary" time="1.737" /><testcase classname="backend.tests.test_qmrt_simulation_api.TestQMRTSimulationStructureDetails" name="test_vortex_structure_fields" time="0.464" /><testcase classname="backend.tests.test_qmrt_simulation_api.TestQMRTSimulationStructureDetails" name="test_strain_node_structure_fields" time="0.442" /><testcase classname="backend.tests.test_qmrt_simulation_api.TestQMRTSimulationStructureDetails" name="test_coherence_cluster_structure_fields" time="0.378" /><testcase classname="backend.tests.test_qmrt_simulation_api.TestQMRTSimulationStructureDetails" name="test_particle_node_structure_fields" time="0.486" /><testcase classname="backend.tests.test_qmrt_simulation_api.TestQMRTSimulationInputValidation" name="test_invalid_dimension" time="0.109" /><testcase classname="backend.tests.test_qmrt_simulation_api.TestQMRTSimulationInputValidation" name="test_size_limits" time="0.275" /><testcase classname="backend.tests.test_qmrt_simulation_api.TestQMRTSimulationInputValidation" name="test_alpha_limits" time="0.246" /><testcase classname="backend.tests.test_qmrt_simulation_api.TestQMRTSimulationFieldSnapshots" name="test_2d_field_snapshots" time="0.190" /><testcase classname="backend.tests.test_qmrt_simulation_api.TestQMRTSimulationFieldSnapshots" name="test_3d_field_snapshots" time="1.291" /></testsuite></testsuites>