<?xml version="1.0" encoding="utf-8"?><testsuites name="pytest tests"><testsuite name="pytest" errors="0" failures="0" skipped="0" tests="23" time="254.612" timestamp="2026-03-19T22:22:47.316845+00:00" hostname="agent-env-44942559-2ca1-4aa2-82ec-f7153713c5f1"><testcase classname="backend.tests.test_mesoscopic_api.TestMesoscopicAPI" name="test_initialize_substrate_basic" time="0.199" /><testcase classname="backend.tests.test_mesoscopic_api.TestMesoscopicAPI" name="test_initialize_substrate_with_seed" time="0.149" /><testcase classname="backend.tests.test_mesoscopic_api.TestMesoscopicAPI" name="test_evolve_substrate" time="1.538" /><testcase classname="backend.tests.test_mesoscopic_api.TestMesoscopicAPI" name="test_evolve_substrate_not_found" time="0.136" /><testcase classname="backend.tests.test_mesoscopic_api.TestMesoscopicAPI" name="test_run_full_simulation" time="13.877" /><testcase classname="backend.tests.test_mesoscopic_api.TestMesoscopicAPI" name="test_run_simulation_longer_time" time="19.545" /><testcase classname="backend.tests.test_mesoscopic_api.TestMesoscopicAPI" name="test_stability_test_endpoint" time="9.937" /><testcase classname="backend.tests.test_mesoscopic_api.TestMesoscopicAPI" name="test_stability_with_higher_amplitude" time="14.730" /><testcase classname="backend.tests.test_mesoscopic_api.TestMesoscopicAPI" name="test_stability_extended_time" time="24.802" /><testcase classname="backend.tests.test_mesoscopic_api.TestMesoscopicAPI" name="test_list_substrates" time="0.174" /><testcase classname="backend.tests.test_mesoscopic_api.TestMesoscopicAPI" name="test_get_substrate_state" time="0.236" /><testcase classname="backend.tests.test_mesoscopic_api.TestMesoscopicAPI" name="test_get_substrate_state_not_found" time="0.103" /><testcase classname="backend.tests.test_mesoscopic_api.TestMesoscopicAPI" name="test_get_structures" time="5.492" /><testcase classname="backend.tests.test_mesoscopic_api.TestMesoscopicAPI" name="test_energy_conservation" time="18.476" /><testcase classname="backend.tests.test_mesoscopic_api.TestMesoscopicAPI" name="test_json_serialization" time="14.614" /><testcase classname="backend.tests.test_mesoscopic_api.TestMesoscopicAPI" name="test_structure_detection_after_evolution" time="52.104" /><testcase classname="backend.tests.test_mesoscopic_api.TestMesoscopicAPI" name="test_delete_substrate" time="0.369" /><testcase classname="backend.tests.test_mesoscopic_api.TestMesoscopicAPI" name="test_delete_substrate_not_found" time="1.122" /><testcase classname="backend.tests.test_mesoscopic_api.TestEnergyConservation" name="test_energy_conservation_short_sim" time="8.544" /><testcase classname="backend.tests.test_mesoscopic_api.TestEnergyConservation" name="test_energy_conservation_long_sim" time="21.204" /><testcase classname="backend.tests.test_mesoscopic_api.TestNumericalStability" name="test_no_nan_in_simulation_output" time="17.199" /><testcase classname="backend.tests.test_mesoscopic_api.TestNumericalStability" name="test_stability_under_high_amplitude" time="8.536" /><testcase classname="backend.tests.test_mesoscopic_api.TestDensityPreservation" name="test_density_near_unity" time="21.383" /></testsuite></testsuites>