<?xml version="1.0" encoding="utf-8"?><testsuites name="pytest tests"><testsuite name="pytest" errors="0" failures="0" skipped="1" tests="18" time="0.025" timestamp="2026-07-02T10:25:42.513397+00:00" hostname="agent-env-44942559-2ca1-4aa2-82ec-f7153713c5f1"><testcase classname="backend.tests.test_tau_lens_v2.TestFocalDistanceBugFix" name="test_focal_distance_present" time="0.001" /><testcase classname="backend.tests.test_tau_lens_v2.TestFocalDistanceBugFix" name="test_focal_distance_not_all_identical" time="0.000" /><testcase classname="backend.tests.test_tau_lens_v2.TestFocalDistanceBugFix" name="test_focal_distance_control_differs_from_lens" time="0.000" /><testcase classname="backend.tests.test_tau_lens_v2.TestConcentration" name="test_lens_concentration_higher_than_control" time="0.000" /><testcase classname="backend.tests.test_tau_lens_v2.TestConcentration" name="test_asymmetric_beats_symmetric" time="0.000" /><testcase classname="backend.tests.test_tau_lens_v2.TestConcentration" name="test_strong_asymmetric_not_stronger_than_asymmetric" time="0.000"><skipped type="pytest.skip" message="KNOWN ISSUE: strong_asymmetric conc 1.173 &lt;= asymmetric 1.218 — high τ contrast may cause aberration">/app/backend/tests/test_tau_lens_v2.py:84: KNOWN ISSUE: strong_asymmetric conc 1.173 &lt;= asymmetric 1.218 — high τ contrast may cause aberration</skipped></testcase><testcase classname="backend.tests.test_tau_lens_v2.TestAmplification" name="test_baseline_intensity_recorded" time="0.000" /><testcase classname="backend.tests.test_tau_lens_v2.TestAmplification" name="test_amplification_relative_to_baseline" time="0.000" /><testcase classname="backend.tests.test_tau_lens_v2.TestAmplification" name="test_lens_amplification_exceeds_control" time="0.000" /><testcase classname="backend.tests.test_tau_lens_v2.TestTauContrast" name="test_tau_contrast_control_zero" time="0.000" /><testcase classname="backend.tests.test_tau_lens_v2.TestTauContrast" name="test_tau_contrast_in_physical_range" time="0.000" /><testcase classname="backend.tests.test_tau_lens_v2.TestTauContrast" name="test_asymmetric_contrast_greater_than_symmetric" time="0.000" /><testcase classname="backend.tests.test_tau_lens_v2.TestVerdict" name="test_verdict_present" time="0.000" /><testcase classname="backend.tests.test_tau_lens_v2.TestVerdict" name="test_any_focusing_flag" time="0.000" /><testcase classname="backend.tests.test_tau_lens_v2.TestVerdict" name="test_asymmetric_stronger_flag" time="0.000" /><testcase classname="backend.tests.test_tau_lens_v2.TestStructure" name="test_all_variants_present" time="0.000" /><testcase classname="backend.tests.test_tau_lens_v2.TestStructure" name="test_final_focal_valid" time="0.000" /><testcase classname="backend.tests.test_tau_lens_v2.TestStructure" name="test_snapshots_recorded" time="0.000" /></testsuite></testsuites>