<?xml version="1.0" encoding="utf-8"?><testsuites name="pytest tests"><testsuite name="pytest" errors="0" failures="0" skipped="0" tests="33" time="253.856" timestamp="2026-03-20T14:22:53.837753+00:00" hostname="agent-env-44942559-2ca1-4aa2-82ec-f7153713c5f1"><testcase classname="tests.test_qmrt_frequency_api.TestQMRTFrequencyTheory" name="test_theory_endpoint_returns_200" time="0.233" /><testcase classname="tests.test_qmrt_frequency_api.TestQMRTFrequencyTheory" name="test_theory_contains_five_fields" time="0.143" /><testcase classname="tests.test_qmrt_frequency_api.TestQMRTFrequencyTheory" name="test_theory_contains_frequency_physics" time="0.125" /><testcase classname="tests.test_qmrt_frequency_api.TestQMRTFrequencyTheory" name="test_theory_contains_multiverse_interpretation" time="0.179" /><testcase classname="tests.test_qmrt_frequency_api.TestFrequencyDomainSeparation" name="test_frequency_domains_endpoint_returns_200" time="17.529" /><testcase classname="tests.test_qmrt_frequency_api.TestFrequencyDomainSeparation" name="test_frequency_domains_energy_conservation" time="17.496" /><testcase classname="tests.test_qmrt_frequency_api.TestFrequencyDomainSeparation" name="test_frequency_domains_basins_form" time="17.597" /><testcase classname="tests.test_qmrt_frequency_api.TestFrequencyDomainSeparation" name="test_frequency_domains_phase_basins_exist" time="17.439" /><testcase classname="tests.test_qmrt_frequency_api.TestSpectralUniverseFormation" name="test_spectral_universes_endpoint_returns_200" time="40.942" /><testcase classname="tests.test_qmrt_frequency_api.TestSpectralUniverseFormation" name="test_spectral_universes_turbulent_start" time="41.009" /><testcase classname="tests.test_qmrt_frequency_api.TestSpectralUniverseFormation" name="test_spectral_universes_frequency_clustering" time="41.031" /><testcase classname="tests.test_qmrt_frequency_api.TestEngineInitialization" name="test_initialize_returns_200" time="0.225" /><testcase classname="tests.test_qmrt_frequency_api.TestEngineInitialization" name="test_initialize_returns_engine_id" time="0.279" /><testcase classname="tests.test_qmrt_frequency_api.TestEngineInitialization" name="test_initialize_has_five_fields" time="0.307" /><testcase classname="tests.test_qmrt_frequency_api.TestEngineInitialization" name="test_initialize_initial_state_statistics" time="0.220" /><testcase classname="tests.test_qmrt_frequency_api.TestEngineEvolution" name="test_evolve_returns_200" time="2.363" /><testcase classname="tests.test_qmrt_frequency_api.TestEngineEvolution" name="test_evolve_updates_time" time="2.487" /><testcase classname="tests.test_qmrt_frequency_api.TestEngineEvolution" name="test_evolve_energy_conservation" time="8.101" /><testcase classname="tests.test_qmrt_frequency_api.TestEngineEvolution" name="test_evolve_returns_structures" time="3.704" /><testcase classname="tests.test_qmrt_frequency_api.TestEngineEvolution" name="test_evolve_nonexistent_engine" time="0.109" /><testcase classname="tests.test_qmrt_frequency_api.TestEngineState" name="test_state_returns_200" time="3.880" /><testcase classname="tests.test_qmrt_frequency_api.TestEngineState" name="test_state_contains_frequency_statistics" time="4.069" /><testcase classname="tests.test_qmrt_frequency_api.TestEngineState" name="test_state_contains_energy_tracking" time="3.818" /><testcase classname="tests.test_qmrt_frequency_api.TestEngineState" name="test_state_contains_structure_breakdown" time="3.810" /><testcase classname="tests.test_qmrt_frequency_api.TestEngineStructures" name="test_structures_returns_200" time="5.138" /><testcase classname="tests.test_qmrt_frequency_api.TestEngineStructures" name="test_structures_contain_phase_classification" time="5.093" /><testcase classname="tests.test_qmrt_frequency_api.TestEngineStructures" name="test_structures_contain_frequency_classification" time="5.143" /><testcase classname="tests.test_qmrt_frequency_api.TestEngineStructures" name="test_structures_have_mode_properties" time="5.147" /><testcase classname="tests.test_qmrt_frequency_api.TestEngineStructures" name="test_structures_have_topological_signature" time="5.149" /><testcase classname="tests.test_qmrt_frequency_api.TestEngineManagement" name="test_list_engines" time="0.116" /><testcase classname="tests.test_qmrt_frequency_api.TestEngineManagement" name="test_delete_engine" time="0.329" /><testcase classname="tests.test_qmrt_frequency_api.TestInputValidation" name="test_grid_size_limits" time="0.226" /><testcase classname="tests.test_qmrt_frequency_api.TestInputValidation" name="test_amplitude_limits" time="0.272" /></testsuite></testsuites>