<?xml version="1.0" encoding="utf-8"?><testsuites name="pytest tests"><testsuite name="pytest" errors="0" failures="0" skipped="0" tests="19" time="125.666" timestamp="2026-03-20T13:27:02.088688+00:00" hostname="agent-env-44942559-2ca1-4aa2-82ec-f7153713c5f1"><testcase classname="backend.tests.test_qmrt_quark_api.TestQMRTQuarkTheory" name="test_get_theory_summary" time="0.245" /><testcase classname="backend.tests.test_qmrt_quark_api.TestDualBasinValidation" name="test_validate_dual_basin_default_params" time="10.720" /><testcase classname="backend.tests.test_qmrt_quark_api.TestDualBasinValidation" name="test_validate_energy_conservation_requirement" time="17.283" /><testcase classname="backend.tests.test_qmrt_quark_api.TestDualBasinValidation" name="test_both_basins_form_structures" time="47.651" /><testcase classname="backend.tests.test_qmrt_quark_api.TestAnnihilationDynamics" name="test_annihilation_test_basic" time="19.129" /><testcase classname="backend.tests.test_qmrt_quark_api.TestStructurePersistence" name="test_persistence_test_basic" time="22.701" /><testcase classname="backend.tests.test_qmrt_quark_api.TestEngineLifecycle" name="test_01_initialize_engine" time="0.205" /><testcase classname="backend.tests.test_qmrt_quark_api.TestEngineLifecycle" name="test_02_evolve_engine" time="0.906" /><testcase classname="backend.tests.test_qmrt_quark_api.TestEngineLifecycle" name="test_03_get_engine_state" time="0.101" /><testcase classname="backend.tests.test_qmrt_quark_api.TestEngineLifecycle" name="test_04_get_structures" time="0.102" /><testcase classname="backend.tests.test_qmrt_quark_api.TestEngineLifecycle" name="test_05_list_engines" time="0.149" /><testcase classname="backend.tests.test_qmrt_quark_api.TestEngineLifecycle" name="test_06_delete_engine" time="0.326" /><testcase classname="backend.tests.test_qmrt_quark_api.TestEngineNotFound" name="test_get_state_404" time="0.121" /><testcase classname="backend.tests.test_qmrt_quark_api.TestEngineNotFound" name="test_get_structures_404" time="0.145" /><testcase classname="backend.tests.test_qmrt_quark_api.TestEngineNotFound" name="test_evolve_404" time="0.115" /><testcase classname="backend.tests.test_qmrt_quark_api.TestJSONSerialization" name="test_no_serialization_errors" time="4.375" /><testcase classname="backend.tests.test_qmrt_quark_api.TestPhaseConventionValidation" name="test_phase_values_in_range" time="0.853" /><testcase classname="backend.tests.test_qmrt_quark_api.TestInputValidation" name="test_grid_size_limits" time="0.277" /><testcase classname="backend.tests.test_qmrt_quark_api.TestInputValidation" name="test_amplitude_limits" time="0.112" /></testsuite></testsuites>